<?xml version="1.0" encoding="UTF-8"?>
<testng-results skipped="0" failed="0" total="1" passed="1">
  <reporter-output>
  </reporter-output>
  <suite name="com.automation.expedia.Test_expedia_auto" duration-ms="20446" started-at="2015-12-12T07:12:15Z" finished-at="2015-12-12T07:12:36Z">
    <groups>
    </groups>
    <test name="Command line test" duration-ms="20446" started-at="2015-12-12T07:12:15Z" finished-at="2015-12-12T07:12:36Z">
      <class name="com.automation.expedia.Test_expedia_auto">
        <test-method status="PASS" signature="plantrip()[pri:1, instance:com.automation.expedia.Test_expedia_auto@742ed4]" name="plantrip" duration-ms="20391" started-at="2015-12-12T02:12:15Z" finished-at="2015-12-12T02:12:36Z">
          <reporter-output>
          </reporter-output>
        </test-method> <!-- plantrip -->
      </class> <!-- com.automation.expedia.Test_expedia_auto -->
    </test> <!-- Command line test -->
  </suite> <!-- com.automation.expedia.Test_expedia_auto -->
</testng-results>
