<?xml version="1.0" encoding="UTF-8"?>
<testng-results skipped="0" failed="0" total="1" passed="1">
  <reporter-output>
  </reporter-output>
  <suite name="Suite" duration-ms="34716" started-at="2015-12-12T07:49:53Z" finished-at="2015-12-12T07:50:27Z">
    <groups>
    </groups>
    <test name="Test" duration-ms="34716" started-at="2015-12-12T07:49:53Z" finished-at="2015-12-12T07:50:27Z">
      <class name="com.automation.expedia.Test_expedia_auto">
        <test-method status="PASS" signature="plantrip()[pri:1, instance:com.automation.expedia.Test_expedia_auto@1fc391b]" name="plantrip" duration-ms="34448" started-at="2015-12-12T02:49:53Z" finished-at="2015-12-12T02:50:27Z">
          <reporter-output>
          </reporter-output>
        </test-method> <!-- plantrip -->
      </class> <!-- com.automation.expedia.Test_expedia_auto -->
    </test> <!-- Test -->
  </suite> <!-- Suite -->
</testng-results>
